文件E:\phpStudy\WWW\coolPHP/CoolPHP/Common/libs/Smarty.php不存在或不是文件 2018-08-07 17:06:33
自动加载类失败 2018-08-07 17:07:01
自动加载类失败 2018-08-07 17:07:01
自动加载类失败 2018-08-07 17:07:02
自动加载类失败 2018-08-07 17:07:02
自动加载类失败 2018-08-07 17:07:03
自动加载类失败 2018-08-07 17:07:03
自动加载类失败 2018-08-07 17:07:03
自动加载类失败 2018-08-07 17:07:03
自动加载类失败 2018-08-07 17:07:03
自动加载类失败 2018-08-07 17:07:03
自动加载类失败 2018-08-07 17:10:02
自动加载类失败 2018-08-07 17:10:02
文件E:\phpStudy\WWW\coolPHP/Application/admin/controller/Smarty.php不存在或不是文件 2018-08-07 17:10:02
自动加载类失败 2018-08-07 17:11:22
自动加载类失败 2018-08-07 17:11:22
自动加载类失败 2018-08-07 17:11:35
自动加载类失败 2018-08-07 17:11:35
自动加载类失败 2018-08-07 17:11:56
自动加载类失败 2018-08-07 17:11:57
自动加载类失败 2018-08-07 17:11:57
自动加载类失败 2018-08-07 17:11:57
自动加载类失败 2018-08-07 17:12:04
自动加载类失败 2018-08-07 17:12:04
自动加载类失败 2018-08-07 17:12:05
自动加载类失败 2018-08-07 17:12:05
自动加载类失败 2018-08-07 17:14:31
自动加载类失败 2018-08-07 17:14:31
文件E:\phpStudy\WWW\coolPHP/CoolPHP/Common/libs/Smarty_Internal_TemplateBase.php不存在或不是文件 2018-08-07 17:14:31
自动加载类失败 2018-08-07 17:17:20
自动加载类失败 2018-08-07 17:17:20
自动加载类失败 2018-08-07 17:17:56
自动加载类失败 2018-08-07 17:17:56
自动加载类失败 2018-08-07 17:17:57
自动加载类失败 2018-08-07 17:17:57
自动加载类失败 2018-08-07 17:17:57
自动加载类失败 2018-08-07 17:17:57
自动加载类失败 2018-08-07 17:17:57
自动加载类失败 2018-08-07 17:17:57
自动加载类失败 2018-08-07 17:17:57
自动加载类失败 2018-08-07 17:17:57
自动加载类失败 2018-08-07 17:17:57
自动加载类失败 2018-08-07 17:17:57
自动加载类失败 2018-08-07 17:18:12
自动加载类失败 2018-08-07 17:18:12
自动加载类失败 2018-08-07 17:18:13
自动加载类失败 2018-08-07 17:18:13
自动加载类失败 2018-08-07 17:19:28
自动加载类失败 2018-08-07 17:19:28
自动加载类失败 2018-08-07 17:19:28
自动加载类失败 2018-08-07 17:19:28
自动加载类失败 2018-08-07 17:19:29
自动加载类失败 2018-08-07 17:19:29
自动加载类失败 2018-08-07 17:19:30
自动加载类失败 2018-08-07 17:19:30
自动加载类失败 2018-08-07 17:19:30
自动加载类失败 2018-08-07 17:19:30
自动加载类失败 2018-08-07 17:19:30
自动加载类失败 2018-08-07 17:19:30
方法 smarty1不存在 2018-08-07 17:24:15
方法 smarty1不存在 2018-08-07 17:24:16
自动加载类失败 2018-08-07 17:24:23
自动加载类失败 2018-08-07 17:24:23
自动加载类失败 2018-08-07 17:25:47
自动加载类失败 2018-08-07 17:25:47
自动加载类失败 2018-08-07 17:25:47
自动加载类失败 2018-08-07 17:25:47
自动加载类失败 2018-08-07 17:25:47
自动加载类失败 2018-08-07 17:25:47
自动加载类失败 2018-08-07 17:38:04
自动加载类失败 2018-08-07 17:38:04
自动加载类失败 2018-08-07 17:40:30
自动加载类失败 2018-08-07 17:40:30
自动加载类失败 2018-08-07 17:40:39
自动加载类失败 2018-08-07 17:40:39
自动加载类失败 2018-08-07 17:42:51
自动加载类失败 2018-08-07 17:42:51
自动加载类失败 2018-08-07 17:44:32
自动加载类失败 2018-08-07 17:44:32
自动加载类失败 2018-08-07 17:46:30
自动加载类失败 2018-08-07 17:46:30
自动加载类失败 2018-08-07 17:46:30
自动加载类失败 2018-08-07 17:46:30
自动加载类失败 2018-08-07 17:46:31
自动加载类失败 2018-08-07 17:46:31
自动加载类失败 2018-08-07 17:50:58
自动加载类失败 2018-08-07 17:50:58
自动加载类失败 2018-08-07 17:51:53
自动加载类失败 2018-08-07 17:51:53
自动加载类失败 2018-08-07 17:51:54
自动加载类失败 2018-08-07 17:51:54
自动加载类失败 2018-08-07 17:52:48
自动加载类失败 2018-08-07 17:52:48
自动加载类失败 2018-08-07 17:52:49
自动加载类失败 2018-08-07 17:52:49
自动加载类失败 2018-08-07 17:52:49
自动加载类失败 2018-08-07 17:52:49
自动加载类失败 2018-08-07 17:53:01
自动加载类失败 2018-08-07 17:53:01
自动加载类失败 2018-08-07 17:53:01
自动加载类失败 2018-08-07 17:53:01
自动加载类失败 2018-08-07 17:53:01
自动加载类失败 2018-08-07 17:53:01
自动加载类失败 2018-08-07 17:53:02
自动加载类失败 2018-08-07 17:53:02
自动加载类失败 2018-08-07 17:53:02
自动加载类失败 2018-08-07 17:53:02
自动加载类失败 2018-08-07 17:53:54
自动加载类失败 2018-08-07 17:53:54
自动加载类失败 2018-08-07 17:53:54
自动加载类失败 2018-08-07 17:53:54
自动加载类失败 2018-08-07 17:53:54
自动加载类失败 2018-08-07 17:53:54
自动加载类失败 2018-08-07 17:53:54
自动加载类失败 2018-08-07 17:53:54
自动加载类失败 2018-08-07 17:53:55
自动加载类失败 2018-08-07 17:53:55
自动加载类失败 2018-08-07 17:54:46
自动加载类失败 2018-08-07 17:54:46
自动加载类失败 2018-08-07 17:54:47
自动加载类失败 2018-08-07 17:54:47
自动加载类失败 2018-08-07 17:54:47
自动加载类失败 2018-08-07 17:54:47
自动加载类失败 2018-08-07 17:54:56
自动加载类失败 2018-08-07 17:54:56
自动加载类失败 2018-08-07 17:54:59
自动加载类失败 2018-08-07 17:54:59
自动加载类失败 2018-08-07 17:55:26
自动加载类失败 2018-08-07 17:55:26
自动加载类失败 2018-08-07 17:55:26
自动加载类失败 2018-08-07 17:55:26
自动加载类失败 2018-08-07 17:55:26
自动加载类失败 2018-08-07 17:55:26
自动加载类失败 2018-08-07 17:55:26
自动加载类失败 2018-08-07 17:55:26
自动加载类失败 2018-08-07 17:55:27
自动加载类失败 2018-08-07 17:55:27
自动加载类失败 2018-08-07 17:55:40
自动加载类失败 2018-08-07 17:55:40
自动加载类失败 2018-08-07 17:55:41
自动加载类失败 2018-08-07 17:55:41
自动加载类失败 2018-08-07 17:55:41
自动加载类失败 2018-08-07 17:55:41
自动加载类失败 2018-08-07 17:55:41
自动加载类失败 2018-08-07 17:55:41
自动加载类失败 2018-08-07 18:03:01
自动加载类失败 2018-08-07 18:03:01
自动加载类失败 2018-08-07 18:06:31
自动加载类失败 2018-08-07 18:06:31
自动加载类失败 2018-08-07 18:09:44
自动加载类失败 2018-08-07 18:09:44
方法 indexview不存在 2018-08-07 18:11:17
自动加载类失败 2018-08-07 18:11:24
自动加载类失败 2018-08-07 18:11:24
自动加载类失败 2018-08-07 18:12:08
自动加载类失败 2018-08-07 18:12:08
自动加载类失败 2018-08-07 18:12:30
自动加载类失败 2018-08-07 18:12:30
自动加载类失败 2018-08-07 18:12:40
自动加载类失败 2018-08-07 18:12:40
自动加载类失败 2018-08-07 18:13:45
自动加载类失败 2018-08-07 18:13:45
自动加载类失败 2018-08-07 18:13:57
自动加载类失败 2018-08-07 18:13:57
自动加载类失败 2018-08-07 18:14:03
自动加载类失败 2018-08-07 18:14:03
自动加载类失败 2018-08-07 18:14:03
自动加载类失败 2018-08-07 18:14:03
自动加载类失败 2018-08-07 18:14:04
自动加载类失败 2018-08-07 18:14:04
自动加载类失败 2018-08-07 18:15:50
自动加载类失败 2018-08-07 18:15:50
自动加载类失败 2018-08-07 18:16:21
自动加载类失败 2018-08-07 18:16:21
自动加载类失败 2018-08-07 18:16:47
自动加载类失败 2018-08-07 18:16:47
自动加载类失败 2018-08-07 18:16:59
自动加载类失败 2018-08-07 18:16:59
自动加载类失败 2018-08-07 18:17:00
自动加载类失败 2018-08-07 18:17:00
自动加载类失败 2018-08-07 18:17:01
自动加载类失败 2018-08-07 18:17:01
自动加载类失败 2018-08-07 18:17:21
自动加载类失败 2018-08-07 18:17:21
自动加载类失败 2018-08-07 18:17:48
自动加载类失败 2018-08-07 18:17:48
自动加载类失败 2018-08-07 18:18:37
自动加载类失败 2018-08-07 18:18:37
自动加载类失败 2018-08-07 18:18:58
自动加载类失败 2018-08-07 18:18:58
自动加载类失败 2018-08-07 18:23:58
自动加载类失败 2018-08-07 18:23:58
自动加载类失败 2018-08-07 18:24:05
自动加载类失败 2018-08-07 18:24:05
自动加载类失败 2018-08-07 18:24:23
自动加载类失败 2018-08-07 18:24:23
自动加载类失败 2018-08-07 18:26:36
自动加载类失败 2018-08-07 18:26:36
自动加载类失败 2018-08-07 18:30:30
自动加载类失败 2018-08-07 18:30:30
自动加载类失败 2018-08-07 18:31:19
自动加载类失败 2018-08-07 18:31:19
自动加载类失败 2018-08-07 18:34:16
自动加载类失败 2018-08-07 18:34:16
自动加载类失败 2018-08-07 18:34:38
自动加载类失败 2018-08-07 18:34:38
自动加载类失败 2018-08-07 21:54:18
自动加载类失败 2018-08-07 21:54:18
自动加载类失败 2018-08-07 21:54:27
自动加载类失败 2018-08-07 21:54:27
自动加载类失败 2018-08-07 21:54:37
自动加载类失败 2018-08-07 21:54:37
自动加载类失败 2018-08-07 21:57:05
自动加载类失败 2018-08-07 21:57:05
自动加载类失败 2018-08-07 21:57:21
自动加载类失败 2018-08-07 21:57:21
自动加载类失败 2018-08-07 21:57:58
自动加载类失败 2018-08-07 21:57:58
自动加载类失败 2018-08-07 21:58:16
自动加载类失败 2018-08-07 21:58:16
自动加载类失败 2018-08-07 21:58:38
自动加载类失败 2018-08-07 21:58:38
自动加载类失败 2018-08-07 22:00:49
自动加载类失败 2018-08-07 22:00:49
自动加载类失败 2018-08-07 22:04:24
自动加载类失败 2018-08-07 22:04:24
自动加载类失败 2018-08-07 22:05:36
自动加载类失败 2018-08-07 22:05:36
自动加载类失败 2018-08-07 22:11:58
自动加载类失败 2018-08-07 22:11:58
自动加载类失败 2018-08-07 22:12:07
自动加载类失败 2018-08-07 22:12:07
自动加载类失败 2018-08-07 22:13:27
自动加载类失败 2018-08-07 22:13:27
自动加载类失败 2018-08-07 22:14:09
自动加载类失败 2018-08-07 22:14:09
自动加载类失败 2018-08-07 22:15:55
自动加载类失败 2018-08-07 22:15:55
自动加载类失败 2018-08-07 22:17:03
自动加载类失败 2018-08-07 22:17:03
自动加载类失败 2018-08-07 22:18:34
自动加载类失败 2018-08-07 22:18:34
自动加载类失败 2018-08-07 22:22:40
自动加载类失败 2018-08-07 22:22:40
自动加载类失败 2018-08-07 22:23:04
自动加载类失败 2018-08-07 22:23:04
自动加载类失败 2018-08-07 22:23:08
自动加载类失败 2018-08-07 22:23:08
