文件E:\phpStudy\WWW\coolPHP/Application/admin/controller/aa.php不存在或不是文件2018-08-03 15:51:39
控制器 Application\admin\controller\aa不存在2018-08-03 15:51:39
文件E:\phpStudy\WWW\coolPHP/Application/admin/controller/aa.php不存在或不是文件 2018-08-03 15:52:14
控制器 Application\admin\controller\aa不存在 2018-08-03 15:52:14
文件E:\phpStudy\WWW\coolPHP/Application/admin/controller/aa.php不存在或不是文件 2018-08-03 16:03:41
控制器 Application\admin\controller\aa不存在 2018-08-03 16:03:41
文件E:\phpStudy\WWW\coolPHP/Application/admin/controller/aa.php不存在或不是文件 2018-08-03 16:04:10
控制器 Application\admin\controller\aa不存在 2018-08-03 16:04:10
方法 1不存在 2018-08-03 16:28:51
文件E:\phpStudy\WWW\coolPHP/Application/admin/controller/PDO.php不存在或不是文件 2018-08-03 16:33:39
文件E:\phpStudy\WWW\coolPHP/Application/admin/controller/PDO.php不存在或不是文件 2018-08-03 16:34:02
文件E:\phpStudy\WWW\coolPHP/Application/admin/controller/PDO.php不存在或不是文件 2018-08-03 16:34:03
文件E:\phpStudy\WWW\coolPHP/Application/admin/controller/PDO.php不存在或不是文件 2018-08-03 16:34:03
文件E:\phpStudy\WWW\coolPHP/Application/admin/controller/PDO.php不存在或不是文件 2018-08-03 16:34:03
文件E:\phpStudy\WWW\coolPHP/Application/admin/controller/PDO.php不存在或不是文件 2018-08-03 16:34:05
文件E:\phpStudy\WWW\coolPHP/Application/admin/controller/PDO.php不存在或不是文件 2018-08-03 16:34:58
文件E:\phpStudy\WWW\coolPHP/Application/admin/controller/PDO.php不存在或不是文件 2018-08-03 16:34:59
文件E:\phpStudy\WWW\coolPHP/Application/admin/controller/PDO.php不存在或不是文件 2018-08-03 16:34:59
文件E:\phpStudy\WWW\coolPHP/Application/admin/controller/PDO.php不存在或不是文件 2018-08-03 16:34:59
文件E:\phpStudy\WWW\coolPHP/Application/admin/controller/PDO.php不存在或不是文件 2018-08-03 16:37:30
文件E:\phpStudy\WWW\coolPHP/Application/admin/controller/PDO.php不存在或不是文件 2018-08-03 16:37:42
文件E:\phpStudy\WWW\coolPHP/Application/admin/controller/PDO.php不存在或不是文件 2018-08-03 16:37:43
文件E:\phpStudy\WWW\coolPHP/Application/admin/controller/PDO.php不存在或不是文件 2018-08-03 16:37:43
